0 info it worked if it ends with ok
1 verbose cli [ '/usr/local/Cellar/node/7.4.0/bin/node',
1 verbose cli   '/usr/local/bin/npm',
1 verbose cli   'publish' ]
2 info using npm@4.0.5
3 info using node@v7.4.0
4 verbose publish [ '.' ]
5 silly cache add args [ '.', null ]
6 verbose cache add spec .
7 silly cache add parsed spec Result {
7 silly cache add   raw: '.',
7 silly cache add   scope: null,
7 silly cache add   escapedName: null,
7 silly cache add   name: null,
7 silly cache add   rawSpec: '.',
7 silly cache add   spec: '/Users/nickthesick/github/proxify',
7 silly cache add   type: 'directory' }
8 verbose addLocalDirectory /Users/nickthesick/.npm/proxify/0.0.1/package.tgz not in flight; packing
9 verbose correctMkdir /Users/nickthesick/.npm correctMkdir not in flight; initializing
10 info lifecycle proxify@0.0.1~prepublish: proxify@0.0.1
11 silly lifecycle proxify@0.0.1~prepublish: no script for prepublish, continuing
12 info lifecycle proxify@0.0.1~prepare: proxify@0.0.1
13 silly lifecycle proxify@0.0.1~prepare: no script for prepare, continuing
14 verbose tar pack [ '/Users/nickthesick/.npm/proxify/0.0.1/package.tgz',
14 verbose tar pack   '/Users/nickthesick/github/proxify' ]
15 verbose tarball /Users/nickthesick/.npm/proxify/0.0.1/package.tgz
16 verbose folder /Users/nickthesick/github/proxify
17 verbose addLocalTarball adding from inside cache /Users/nickthesick/.npm/proxify/0.0.1/package.tgz
18 verbose correctMkdir /Users/nickthesick/.npm correctMkdir not in flight; initializing
19 silly cache afterAdd proxify@0.0.1
20 verbose afterAdd /Users/nickthesick/.npm/proxify/0.0.1/package/package.json not in flight; writing
21 verbose correctMkdir /Users/nickthesick/.npm correctMkdir not in flight; initializing
22 verbose afterAdd /Users/nickthesick/.npm/proxify/0.0.1/package/package.json written
23 silly publish { name: 'proxify',
23 silly publish   version: '0.0.1',
23 silly publish   description: 'Sets up traps on objects to make computed properties.',
23 silly publish   license: 'MIT',
23 silly publish   repository:
23 silly publish    { type: 'git',
23 silly publish      url: 'git+https://github.com/nperez0111/proxify.git' },
23 silly publish   author:
23 silly publish    { name: 'Nick The Sick',
23 silly publish      email: 'nperez0111@gmail.com',
23 silly publish      url: 'nickthesick.com' },
23 silly publish   engines: { node: '>=4' },
23 silly publish   scripts: { test: 'ava' },
23 silly publish   files: [ 'index.js' ],
23 silly publish   keywords: [],
23 silly publish   dependencies: { 'is-object': '^1.0.1', merge: '^1.2.0' },
23 silly publish   devDependencies: { ava: '^0.15.2' },
23 silly publish   readme: '# proxify\nUses Proxies to create computed values\n',
23 silly publish   readmeFilename: 'README.md',
23 silly publish   gitHead: 'c0c7e0d38f0f2cf58ebccd350f222c85133bafa6',
23 silly publish   bugs: { url: 'https://github.com/nperez0111/proxify/issues' },
23 silly publish   homepage: 'https://github.com/nperez0111/proxify#readme',
23 silly publish   _id: 'proxify@0.0.1',
23 silly publish   _shasum: '677fcb160bfe249b2a81e0590a69bf203d897d2c',
23 silly publish   _from: '.' }
24 info lifecycle proxify@0.0.1~prepublishOnly: proxify@0.0.1
25 silly lifecycle proxify@0.0.1~prepublishOnly: no script for prepublishOnly, continuing
26 verbose getPublishConfig undefined
27 silly mapToRegistry name proxify
28 silly mapToRegistry using default registry
29 silly mapToRegistry registry https://registry.npmjs.org/
30 silly mapToRegistry data Result {
30 silly mapToRegistry   raw: 'proxify',
30 silly mapToRegistry   scope: null,
30 silly mapToRegistry   escapedName: 'proxify',
30 silly mapToRegistry   name: 'proxify',
30 silly mapToRegistry   rawSpec: '',
30 silly mapToRegistry   spec: 'latest',
30 silly mapToRegistry   type: 'tag' }
31 silly mapToRegistry uri https://registry.npmjs.org/proxify
32 verbose publish registryBase https://registry.npmjs.org/
33 silly publish uploading /Users/nickthesick/.npm/proxify/0.0.1/package.tgz
34 verbose request uri https://registry.npmjs.org/proxify
35 verbose request sending authorization for write operation
36 info attempt registry request try #1 at 10:19:44 AM
37 verbose request using bearer token for auth
38 verbose request id 024a965fca214b65
39 http request PUT https://registry.npmjs.org/proxify
40 http 403 https://registry.npmjs.org/proxify
41 verbose headers { 'content-type': 'application/json',
41 verbose headers   'cache-control': 'max-age=300',
41 verbose headers   'content-length': '101',
41 verbose headers   'accept-ranges': 'bytes',
41 verbose headers   date: 'Wed, 18 Jan 2017 15:19:45 GMT',
41 verbose headers   via: '1.1 varnish',
41 verbose headers   connection: 'keep-alive',
41 verbose headers   'x-served-by': 'cache-atl6246-ATL',
41 verbose headers   'x-cache': 'MISS',
41 verbose headers   'x-cache-hits': '0',
41 verbose headers   'x-timer': 'S1484752785.182770,VS0,VE684',
41 verbose headers   vary: 'Accept-Encoding' }
42 verbose request invalidating /Users/nickthesick/.npm/registry.npmjs.org/proxify on PUT
43 error publish Failed PUT 403
44 verbose stack Error: you do not have permission to publish "proxify". Are you logged in as the correct user? : proxify
44 verbose stack     at makeError (/usr/local/lib/node_modules/npm/node_modules/npm-registry-client/lib/request.js:302:12)
44 verbose stack     at CachingRegistryClient.<anonymous> (/usr/local/lib/node_modules/npm/node_modules/npm-registry-client/lib/request.js:290:14)
44 verbose stack     at Request._callback (/usr/local/lib/node_modules/npm/node_modules/npm-registry-client/lib/request.js:210:14)
44 verbose stack     at Request.self.callback (/usr/local/lib/node_modules/npm/node_modules/request/request.js:186:22)
44 verbose stack     at emitTwo (events.js:106:13)
44 verbose stack     at Request.emit (events.js:191:7)
44 verbose stack     at Request.<anonymous> (/usr/local/lib/node_modules/npm/node_modules/request/request.js:1081:10)
44 verbose stack     at emitOne (events.js:96:13)
44 verbose stack     at Request.emit (events.js:188:7)
44 verbose stack     at IncomingMessage.<anonymous> (/usr/local/lib/node_modules/npm/node_modules/request/request.js:1001:12)
45 verbose statusCode 403
46 verbose pkgid proxify
47 verbose cwd /Users/nickthesick/github/proxify
48 error Darwin 16.3.0
49 error argv "/usr/local/Cellar/node/7.4.0/bin/node" "/usr/local/bin/npm" "publish"
50 error node v7.4.0
51 error npm  v4.0.5
52 error code E403
53 error you do not have permission to publish "proxify". Are you logged in as the correct user? : proxify
54 error If you need help, you may report this error at:
54 error     <https://github.com/npm/npm/issues>
55 verbose exit [ 1, true ]
